Mon, 17 Jul 2023 19:00:26 GMT dw3frontnode:server Listening on port 40100

/opt/nodejs/dw3/dw3frontNode/node_modules/axios/dist/node/axios.cjs:1909
    reject(new AxiosError(
           ^
AxiosError: Request failed with status code 500
    at settle (/opt/nodejs/dw3/dw3frontNode/node_modules/axios/dist/node/axios.cjs:1909:12)
    at IncomingMessage.handleStreamEnd (/opt/nodejs/dw3/dw3frontNode/node_modules/axios/dist/node/axios.cjs:2989:11)
    at IncomingMessage.emit (node:events:525:35)
    at endReadableNT (node:internal/streams/readable:1358:12)
    at processTicksAndRejections (node:internal/process/task_queues:83:21) {
  code: 'ERR_BAD_RESPONSE',
  config: {
    transitional: {
      silentJSONParsing: true,
      forcedJSONParsing: true,
      clarifyTimeoutError: false
    },
    adapter: [ 'xhr', 'http' ],
    transformRequest: [ [Function: transformRequest] ],
    transformResponse: [ [Function: transformResponse] ],
    timeout: 0,
    xsrfCookieName: 'XSRF-TOKEN',
    xsrfHeaderName: 'X-XSRF-TOKEN',
    maxContentLength: -1,
    maxBodyLength: -1,
    env: {
      FormData: [Function: FormData] {
        LINE_BREAK: '\r\n',
        DEFAULT_CONTENT_TYPE: 'application/octet-stream'
      },
      Blob: null
    },
    validateStatus: [Function: validateStatus],
    headers: AxiosHeaders {
      Accept: 'application/json, text/plain, */*',
      'Content-Type': 'application/json',
      'User-Agent': 'axios/1.4.0',
      'Content-Length': '37',
      'Accept-Encoding': 'gzip, compress, deflate, br'
    },
    method: 'post',
    url: 'http://localhost:40000/Login',
    data: '{"username":"ssss","password":"ssss"}'
  },
  request: <ref *1> ClientRequest {
    _events: [Object: null prototype] {
      abort: [Function (anonymous)],
      aborted: [Function (anonymous)],
      connect: [Function (anonymous)],
      error: [Function (anonymous)],
      socket: [Function (anonymous)],
      timeout: [Function (anonymous)],
      finish: [Function: requestOnFinish]
    },
    _eventsCount: 7,
    _maxListeners: undefined,
    outputData: [],
    outputSize: 0,
    writable: true,
    destroyed: false,
    _last: true,
    chunkedEncoding: false,
    shouldKeepAlive: false,
    maxRequestsOnConnectionReached: false,
    _defaultKeepAlive: true,
    useChunkedEncodingByDefault: true,
    sendDate: false,
    _removedConnection: false,
    _removedContLen: false,
    _removedTE: false,
    strictContentLength: false,
    _contentLength: '37',
    _hasBody: true,
    _trailer: '',
    finished: true,
    _headerSent: true,
    _closed: false,
    socket: <ref *2> Socket {
      connecting: false,
      _hadError: false,
      _parent: null,
      _host: 'localhost',
      _closeAfterHandlingError: false,
      _readableState: ReadableState {
        objectMode: false,
        highWaterMark: 16384,
        buffer: BufferList { head: null, tail: null, length: 0 },
        length: 0,
        pipes: [],
        flowing: true,
        ended: false,
        endEmitted: false,
        reading: true,
        constructed: true,
        sync: false,
        needReadable: true,
        emittedReadable: false,
        readableListening: false,
        resumeScheduled: false,
        errorEmitted: false,
        emitClose: false,
        autoDestroy: true,
        destroyed: false,
        errored: null,
        closed: false,
        closeEmitted: false,
        defaultEncoding: 'utf8',
        awaitDrainWriters: null,
        multiAwaitDrain: false,
        readingMore: false,
        dataEmitted: true,
        decoder: null,
        encoding: null,
        [Symbol(kPaused)]: false
      },
      _events: [Object: null prototype] {
        end: [Function: onReadableStreamEnd],
        free: [Function: onFree],
        close: [ [Function: onClose], [Function: socketCloseListener] ],
        timeout: [Function: onTimeout],
        agentRemove: [Function: onRemove],
        error: [Function: socketErrorListener],
        finish: [Function: bound onceWrapper] { listener: [Function: destroy] }
      },
      _eventsCount: 7,
      _maxListeners: undefined,
      _writableState: WritableState {
        objectMode: false,
        highWaterMark: 16384,
        finalCalled: true,
        needDrain: false,
        ending: true,
        ended: true,
        finished: false,
        destroyed: false,
        decodeStrings: false,
        defaultEncoding: 'utf8',
        length: 0,
        writing: false,
        corked: 0,
        sync: false,
        bufferProcessing: false,
        onwrite: [Function: bound onwrite],
        writecb: null,
        writelen: 0,
        afterWriteTickInfo: null,
        buffered: [],
        bufferedIndex: 0,
        allBuffers: true,
        allNoop: true,
        pendingcb: 1,
        constructed: true,
        prefinished: false,
        errorEmitted: false,
        emitClose: false,
        autoDestroy: true,
        errored: null,
        closed: false,
        closeEmitted: false,
        [Symbol(kOnFinished)]: []
      },
      allowHalfOpen: false,
      _sockname: null,
      _pendingData: null,
      _pendingEncoding: '',
      server: null,
      _server: null,
      parser: null,
      _httpMessage: [Circular *1],
      [Symbol(async_id_symbol)]: 187,
      [Symbol(kHandle)]: TCP {
        reading: true,
        onconnection: null,
        [Symbol(owner_symbol)]: [Circular *2]
      },
      [Symbol(lastWriteQueueSize)]: 0,
      [Symbol(timeout)]: null,
      [Symbol(kBuffer)]: null,
      [Symbol(kBufferCb)]: null,
      [Symbol(kBufferGen)]: null,
      [Symbol(kCapture)]: false,
      [Symbol(kSetNoDelay)]: false,
      [Symbol(kSetKeepAlive)]: true,
      [Symbol(kSetKeepAliveInitialDelay)]: 60,
      [Symbol(kBytesRead)]: 0,
      [Symbol(kBytesWritten)]: 0,
      [Symbol(RequestTimeout)]: undefined
    },
    _header: 'POST /Login HTTP/1.1\r\n' +
      'Accept: application/json, text/plain, */*\r\n' +
      'Content-Type: application/json\r\n' +
      'User-Agent: axios/1.4.0\r\n' +
      'Content-Length: 37\r\n' +
      'Accept-Encoding: gzip, compress, deflate, br\r\n' +
      'Host: localhost:40000\r\n' +
      'Connection: close\r\n' +
      '\r\n',
    _keepAliveTimeout: 0,
    _onPendingData: [Function: nop],
    agent: Agent {
      _events: [Object: null prototype] {
        free: [Function (anonymous)],
        newListener: [Function: maybeEnableKeylog]
      },
      _eventsCount: 2,
      _maxListeners: undefined,
      defaultPort: 80,
      protocol: 'http:',
      options: [Object: null prototype] { path: null },
      requests: [Object: null prototype] {},
      sockets: [Object: null prototype] {
        'localhost:40000:': [
          <ref *2> Socket {
            connecting: false,
            _hadError: false,
            _parent: null,
            _host: 'localhost',
            _closeAfterHandlingError: false,
            _readableState: [ReadableState],
            _events: [Object: null prototype],
            _eventsCount: 7,
            _maxListeners: undefined,
            _writableState: [WritableState],
            allowHalfOpen: false,
            _sockname: null,
            _pendingData: null,
            _pendingEncoding: '',
            server: null,
            _server: null,
            parser: null,
            _httpMessage: [Circular *1],
            [Symbol(async_id_symbol)]: 187,
            [Symbol(kHandle)]: [TCP],
            [Symbol(lastWriteQueueSize)]: 0,
            [Symbol(timeout)]: null,
            [Symbol(kBuffer)]: null,
            [Symbol(kBufferCb)]: null,
            [Symbol(kBufferGen)]: null,
            [Symbol(kCapture)]: false,
            [Symbol(kSetNoDelay)]: false,
            [Symbol(kSetKeepAlive)]: true,
            [Symbol(kSetKeepAliveInitialDelay)]: 60,
            [Symbol(kBytesRead)]: 0,
            [Symbol(kBytesWritten)]: 0,
            [Symbol(RequestTimeout)]: undefined
          }
        ]
      },
      freeSockets: [Object: null prototype] {},
      keepAliveMsecs: 1000,
      keepAlive: false,
      maxSockets: Infinity,
      maxFreeSockets: 256,
      scheduling: 'lifo',
      maxTotalSockets: Infinity,
      totalSocketCount: 1,
      [Symbol(kCapture)]: false
    },
    socketPath: undefined,
    method: 'POST',
    maxHeaderSize: undefined,
    insecureHTTPParser: undefined,
    path: '/Login',
    _ended: true,
    res: IncomingMessage {
      _readableState: ReadableState {
        objectMode: false,
        highWaterMark: 16384,
        buffer: BufferList { head: null, tail: null, length: 0 },
        length: 0,
        pipes: [],
        flowing: true,
        ended: true,
        endEmitted: true,
        reading: false,
        constructed: true,
        sync: true,
        needReadable: false,
        emittedReadable: false,
        readableListening: false,
        resumeScheduled: false,
        errorEmitted: false,
        emitClose: true,
        autoDestroy: true,
        destroyed: true,
        errored: null,
        closed: true,
        closeEmitted: true,
        defaultEncoding: 'utf8',
        awaitDrainWriters: null,
        multiAwaitDrain: false,
        readingMore: true,
        dataEmitted: true,
        decoder: null,
        encoding: null,
        [Symbol(kPaused)]: false
      },
      _events: [Object: null prototype] {
        end: [ [Function: responseOnEnd], [Function: handleStreamEnd] ],
        error: [Function: handleStreamError],
        data: [Function: handleStreamData],
        aborted: [Function: handlerStreamAborted]
      },
      _eventsCount: 4,
      _maxListeners: undefined,
      socket: <ref *2> Socket {
        connecting: false,
        _hadError: false,
        _parent: null,
        _host: 'localhost',
        _closeAfterHandlingError: false,
        _readableState: ReadableState {
          objectMode: false,
          highWaterMark: 16384,
          buffer: BufferList { head: null, tail: null, length: 0 },
          length: 0,
          pipes: [],
          flowing: true,
          ended: false,
          endEmitted: false,
          reading: true,
          constructed: true,
          sync: false,
          needReadable: true,
          emittedReadable: false,
          readableListening: false,
          resumeScheduled: false,
          errorEmitted: false,
          emitClose: false,
          autoDestroy: true,
          destroyed: false,
          errored: null,
          closed: false,
          closeEmitted: false,
          defaultEncoding: 'utf8',
          awaitDrainWriters: null,
          multiAwaitDrain: false,
          readingMore: false,
          dataEmitted: true,
          decoder: null,
          encoding: null,
          [Symbol(kPaused)]: false
        },
        _events: [Object: null prototype] {
          end: [Function: onReadableStreamEnd],
          free: [Function: onFree],
          close: [ [Function: onClose], [Function: socketCloseListener] ],
          timeout: [Function: onTimeout],
          agentRemove: [Function: onRemove],
          error: [Function: socketErrorListener],
          finish: [Function: bound onceWrapper] {
            listener: [Function: destroy]
          }
        },
        _eventsCount: 7,
        _maxListeners: undefined,
        _writableState: WritableState {
          objectMode: false,
          highWaterMark: 16384,
          finalCalled: true,
          needDrain: false,
          ending: true,
          ended: true,
          finished: false,
          destroyed: false,
          decodeStrings: false,
          defaultEncoding: 'utf8',
          length: 0,
          writing: false,
          corked: 0,
          sync: false,
          bufferProcessing: false,
          onwrite: [Function: bound onwrite],
          writecb: null,
          writelen: 0,
          afterWriteTickInfo: null,
          buffered: [],
          bufferedIndex: 0,
          allBuffers: true,
          allNoop: true,
          pendingcb: 1,
          constructed: true,
          prefinished: false,
          errorEmitted: false,
          emitClose: false,
          autoDestroy: true,
          errored: null,
          closed: false,
          closeEmitted: false,
          [Symbol(kOnFinished)]: []
        },
        allowHalfOpen: false,
        _sockname: null,
        _pendingData: null,
        _pendingEncoding: '',
        server: null,
        _server: null,
        parser: null,
        _httpMessage: [Circular *1],
        [Symbol(async_id_symbol)]: 187,
        [Symbol(kHandle)]: TCP {
          reading: true,
          onconnection: null,
          [Symbol(owner_symbol)]: [Circular *2]
        },
        [Symbol(lastWriteQueueSize)]: 0,
        [Symbol(timeout)]: null,
        [Symbol(kBuffer)]: null,
        [Symbol(kBufferCb)]: null,
        [Symbol(kBufferGen)]: null,
        [Symbol(kCapture)]: false,
        [Symbol(kSetNoDelay)]: false,
        [Symbol(kSetKeepAlive)]: true,
        [Symbol(kSetKeepAliveInitialDelay)]: 60,
        [Symbol(kBytesRead)]: 0,
        [Symbol(kBytesWritten)]: 0,
        [Symbol(RequestTimeout)]: undefined
      },
      httpVersionMajor: 1,
      httpVersionMinor: 1,
      httpVersion: '1.1',
      complete: true,
      rawHeaders: [
        'X-Powered-By',
        'Express',
        'Content-Type',
        'application/json; charset=utf-8',
        'Content-Length',
        '41',
        'ETag',
        'W/"29-KrBNM9moXy9dRmkyOcmYaHUvI2Q"',
        'Date',
        'Mon, 17 Jul 2023 19:00:49 GMT',
        'Connection',
        'close'
      ],
      rawTrailers: [],
      aborted: false,
      upgrade: false,
      url: '',
      method: null,
      statusCode: 500,
      statusMessage: 'Internal Server Error',
      client: <ref *2> Socket {
        connecting: false,
        _hadError: false,
        _parent: null,
        _host: 'localhost',
        _closeAfterHandlingError: false,
        _readableState: ReadableState {
          objectMode: false,
          highWaterMark: 16384,
          buffer: BufferList { head: null, tail: null, length: 0 },
          length: 0,
          pipes: [],
          flowing: true,
          ended: false,
          endEmitted: false,
          reading: true,
          constructed: true,
          sync: false,
          needReadable: true,
          emittedReadable: false,
          readableListening: false,
          resumeScheduled: false,
          errorEmitted: false,
          emitClose: false,
          autoDestroy: true,
          destroyed: false,
          errored: null,
          closed: false,
          closeEmitted: false,
          defaultEncoding: 'utf8',
          awaitDrainWriters: null,
          multiAwaitDrain: false,
          readingMore: false,
          dataEmitted: true,
          decoder: null,
          encoding: null,
          [Symbol(kPaused)]: false
        },
        _events: [Object: null prototype] {
          end: [Function: onReadableStreamEnd],
          free: [Function: onFree],
          close: [ [Function: onClose], [Function: socketCloseListener] ],
          timeout: [Function: onTimeout],
          agentRemove: [Function: onRemove],
          error: [Function: socketErrorListener],
          finish: [Function: bound onceWrapper] {
            listener: [Function: destroy]
          }
        },
        _eventsCount: 7,
        _maxListeners: undefined,
        _writableState: WritableState {
          objectMode: false,
          highWaterMark: 16384,
          finalCalled: true,
          needDrain: false,
          ending: true,
          ended: true,
          finished: false,
          destroyed: false,
          decodeStrings: false,
          defaultEncoding: 'utf8',
          length: 0,
          writing: false,
          corked: 0,
          sync: false,
          bufferProcessing: false,
          onwrite: [Function: bound onwrite],
          writecb: null,
          writelen: 0,
          afterWriteTickInfo: null,
          buffered: [],
          bufferedIndex: 0,
          allBuffers: true,
          allNoop: true,
          pendingcb: 1,
          constructed: true,
          prefinished: false,
          errorEmitted: false,
          emitClose: false,
          autoDestroy: true,
          errored: null,
          closed: false,
          closeEmitted: false,
          [Symbol(kOnFinished)]: []
        },
        allowHalfOpen: false,
        _sockname: null,
        _pendingData: null,
        _pendingEncoding: '',
        server: null,
        _server: null,
        parser: null,
        _httpMessage: [Circular *1],
        [Symbol(async_id_symbol)]: 187,
        [Symbol(kHandle)]: TCP {
          reading: true,
          onconnection: null,
          [Symbol(owner_symbol)]: [Circular *2]
        },
        [Symbol(lastWriteQueueSize)]: 0,
        [Symbol(timeout)]: null,
        [Symbol(kBuffer)]: null,
        [Symbol(kBufferCb)]: null,
        [Symbol(kBufferGen)]: null,
        [Symbol(kCapture)]: false,
        [Symbol(kSetNoDelay)]: false,
        [Symbol(kSetKeepAlive)]: true,
        [Symbol(kSetKeepAliveInitialDelay)]: 60,
        [Symbol(kBytesRead)]: 0,
        [Symbol(kBytesWritten)]: 0,
        [Symbol(RequestTimeout)]: undefined
      },
      _consuming: false,
      _dumped: false,
      req: [Circular *1],
      responseUrl: 'http://localhost:40000/Login',
      redirects: [],
      [Symbol(kCapture)]: false,
      [Symbol(kHeaders)]: {
        'x-powered-by': 'Express',
        'content-type': 'application/json; charset=utf-8',
        'content-length': '41',
        etag: 'W/"29-KrBNM9moXy9dRmkyOcmYaHUvI2Q"',
        date: 'Mon, 17 Jul 2023 19:00:49 GMT',
        connection: 'close'
      },
      [Symbol(kHeadersCount)]: 12,
      [Symbol(kTrailers)]: null,
      [Symbol(kTrailersCount)]: 0,
      [Symbol(RequestTimeout)]: undefined
    },
    aborted: false,
    timeoutCb: null,
    upgradeOrConnect: false,
    parser: null,
    maxHeadersCount: null,
    reusedSocket: false,
    host: 'localhost',
    protocol: 'http:',
    _redirectable: Writable {
      _writableState: WritableState {
        objectMode: false,
        highWaterMark: 16384,
        finalCalled: false,
        needDrain: false,
        ending: false,
        ended: false,
        finished: false,
        destroyed: false,
        decodeStrings: true,
        defaultEncoding: 'utf8',
        length: 0,
        writing: false,
        corked: 0,
        sync: true,
        bufferProcessing: false,
        onwrite: [Function: bound onwrite],
        writecb: null,
        writelen: 0,
        afterWriteTickInfo: null,
        buffered: [],
        bufferedIndex: 0,
        allBuffers: true,
        allNoop: true,
        pendingcb: 0,
        constructed: true,
        prefinished: false,
        errorEmitted: false,
        emitClose: true,
        autoDestroy: true,
        errored: null,
        closed: false,
        closeEmitted: false,
        [Symbol(kOnFinished)]: []
      },
      _events: [Object: null prototype] {
        response: [Function: handleResponse],
        error: [Function: handleRequestError],
        socket: [Function: handleRequestSocket]
      },
      _eventsCount: 3,
      _maxListeners: undefined,
      _options: {
        maxRedirects: 21,
        maxBodyLength: Infinity,
        protocol: 'http:',
        path: '/Login',
        method: 'POST',
        headers: [Object: null prototype] {
          Accept: 'application/json, text/plain, */*',
          'Content-Type': 'application/json',
          'User-Agent': 'axios/1.4.0',
          'Content-Length': '37',
          'Accept-Encoding': 'gzip, compress, deflate, br'
        },
        agents: { http: undefined, https: undefined },
        auth: undefined,
        family: undefined,
        lookup: undefined,
        beforeRedirect: [Function: dispatchBeforeRedirect],
        beforeRedirects: { proxy: [Function: beforeRedirect] },
        hostname: 'localhost',
        port: '40000',
        agent: undefined,
        nativeProtocols: {
          'http:': {
            _connectionListener: [Function: connectionListener],
            METHODS: [Array],
            STATUS_CODES: [Object],
            Agent: [Function],
            ClientRequest: [Function: ClientRequest],
            IncomingMessage: [Function: IncomingMessage],
            OutgoingMessage: [Function: OutgoingMessage],
            Server: [Function: Server],
            ServerResponse: [Function: ServerResponse],
            createServer: [Function: createServer],
            validateHeaderName: [Function: __node_internal_],
            validateHeaderValue: [Function: __node_internal_],
            get: [Function: get],
            request: [Function: request],
            setMaxIdleHTTPParsers: [Function: setMaxIdleHTTPParsers],
            maxHeaderSize: [Getter],
            globalAgent: [Getter/Setter]
          },
          'https:': {
            Agent: [Function: Agent],
            globalAgent: [Agent],
            Server: [Function: Server],
            createServer: [Function: createServer],
            get: [Function: get],
            request: [Function: request]
          }
        },
        pathname: '/Login'
      },
      _ended: true,
      _ending: true,
      _redirectCount: 0,
      _redirects: [],
      _requestBodyLength: 37,
      _requestBodyBuffers: [],
      _onNativeResponse: [Function (anonymous)],
      _currentRequest: [Circular *1],
      _currentUrl: 'http://localhost:40000/Login',
      [Symbol(kCapture)]: false
    },
    [Symbol(kCapture)]: false,
    [Symbol(kBytesWritten)]: 0,
    [Symbol(kEndCalled)]: true,
    [Symbol(kNeedDrain)]: false,
    [Symbol(corked)]: 0,
    [Symbol(kOutHeaders)]: [Object: null prototype] {
      accept: [ 'Accept', 'application/json, text/plain, */*' ],
      'content-type': [ 'Content-Type', 'application/json' ],
      'user-agent': [ 'User-Agent', 'axios/1.4.0' ],
      'content-length': [ 'Content-Length', '37' ],
      'accept-encoding': [ 'Accept-Encoding', 'gzip, compress, deflate, br' ],
      host: [ 'Host', 'localhost:40000' ]
    },
    [Symbol(kUniqueHeaders)]: null
  },
  response: {
    status: 500,
    statusText: 'Internal Server Error',
    headers: AxiosHeaders {
      'x-powered-by': 'Express',
      'content-type': 'application/json; charset=utf-8',
      'content-length': '41',
      etag: 'W/"29-KrBNM9moXy9dRmkyOcmYaHUvI2Q"',
      date: 'Mon, 17 Jul 2023 19:00:49 GMT',
      connection: 'close'
    },
    config: {
      transitional: {
        silentJSONParsing: true,
        forcedJSONParsing: true,
        clarifyTimeoutError: false
      },
      adapter: [ 'xhr', 'http' ],
      transformRequest: [ [Function: transformRequest] ],
      transformResponse: [ [Function: transformResponse] ],
      timeout: 0,
      xsrfCookieName: 'XSRF-TOKEN',
      xsrfHeaderName: 'X-XSRF-TOKEN',
      maxContentLength: -1,
      maxBodyLength: -1,
      env: {
        FormData: [Function: FormData] {
          LINE_BREAK: '\r\n',
          DEFAULT_CONTENT_TYPE: 'application/octet-stream'
        },
        Blob: null
      },
      validateStatus: [Function: validateStatus],
      headers: AxiosHeaders {
        Accept: 'application/json, text/plain, */*',
        'Content-Type': 'application/json',
        'User-Agent': 'axios/1.4.0',
        'Content-Length': '37',
        'Accept-Encoding': 'gzip, compress, deflate, br'
      },
      method: 'post',
      url: 'http://localhost:40000/Login',
      data: '{"username":"ssss","password":"ssss"}'
    },
    request: <ref *1> ClientRequest {
      _events: [Object: null prototype] {
        abort: [Function (anonymous)],
        aborted: [Function (anonymous)],
        connect: [Function (anonymous)],
        error: [Function (anonymous)],
        socket: [Function (anonymous)],
        timeout: [Function (anonymous)],
        finish: [Function: requestOnFinish]
      },
      _eventsCount: 7,
      _maxListeners: undefined,
      outputData: [],
      outputSize: 0,
      writable: true,
      destroyed: false,
      _last: true,
      chunkedEncoding: false,
      shouldKeepAlive: false,
      maxRequestsOnConnectionReached: false,
      _defaultKeepAlive: true,
      useChunkedEncodingByDefault: true,
      sendDate: false,
      _removedConnection: false,
      _removedContLen: false,
      _removedTE: false,
      strictContentLength: false,
      _contentLength: '37',
      _hasBody: true,
      _trailer: '',
      finished: true,
      _headerSent: true,
      _closed: false,
      socket: <ref *2> Socket {
        connecting: false,
        _hadError: false,
        _parent: null,
        _host: 'localhost',
        _closeAfterHandlingError: false,
        _readableState: ReadableState {
          objectMode: false,
          highWaterMark: 16384,
          buffer: BufferList { head: null, tail: null, length: 0 },
          length: 0,
          pipes: [],
          flowing: true,
          ended: false,
          endEmitted: false,
          reading: true,
          constructed: true,
          sync: false,
          needReadable: true,
          emittedReadable: false,
          readableListening: false,
          resumeScheduled: false,
          errorEmitted: false,
          emitClose: false,
          autoDestroy: true,
          destroyed: false,
          errored: null,
          closed: false,
          closeEmitted: false,
          defaultEncoding: 'utf8',
          awaitDrainWriters: null,
          multiAwaitDrain: false,
          readingMore: false,
          dataEmitted: true,
          decoder: null,
          encoding: null,
          [Symbol(kPaused)]: false
        },
        _events: [Object: null prototype] {
          end: [Function: onReadableStreamEnd],
          free: [Function: onFree],
          close: [ [Function: onClose], [Function: socketCloseListener] ],
          timeout: [Function: onTimeout],
          agentRemove: [Function: onRemove],
          error: [Function: socketErrorListener],
          finish: [Function: bound onceWrapper] {
            listener: [Function: destroy]
          }
        },
        _eventsCount: 7,
        _maxListeners: undefined,
        _writableState: WritableState {
          objectMode: false,
          highWaterMark: 16384,
          finalCalled: true,
          needDrain: false,
          ending: true,
          ended: true,
          finished: false,
          destroyed: false,
          decodeStrings: false,
          defaultEncoding: 'utf8',
          length: 0,
          writing: false,
          corked: 0,
          sync: false,
          bufferProcessing: false,
          onwrite: [Function: bound onwrite],
          writecb: null,
          writelen: 0,
          afterWriteTickInfo: null,
          buffered: [],
          bufferedIndex: 0,
          allBuffers: true,
          allNoop: true,
          pendingcb: 1,
          constructed: true,
          prefinished: false,
          errorEmitted: false,
          emitClose: false,
          autoDestroy: true,
          errored: null,
          closed: false,
          closeEmitted: false,
          [Symbol(kOnFinished)]: []
        },
        allowHalfOpen: false,
        _sockname: null,
        _pendingData: null,
        _pendingEncoding: '',
        server: null,
        _server: null,
        parser: null,
        _httpMessage: [Circular *1],
        [Symbol(async_id_symbol)]: 187,
        [Symbol(kHandle)]: TCP {
          reading: true,
          onconnection: null,
          [Symbol(owner_symbol)]: [Circular *2]
        },
        [Symbol(lastWriteQueueSize)]: 0,
        [Symbol(timeout)]: null,
        [Symbol(kBuffer)]: null,
        [Symbol(kBufferCb)]: null,
        [Symbol(kBufferGen)]: null,
        [Symbol(kCapture)]: false,
        [Symbol(kSetNoDelay)]: false,
        [Symbol(kSetKeepAlive)]: true,
        [Symbol(kSetKeepAliveInitialDelay)]: 60,
        [Symbol(kBytesRead)]: 0,
        [Symbol(kBytesWritten)]: 0,
        [Symbol(RequestTimeout)]: undefined
      },
      _header: 'POST /Login HTTP/1.1\r\n' +
        'Accept: application/json, text/plain, */*\r\n' +
        'Content-Type: application/json\r\n' +
        'User-Agent: axios/1.4.0\r\n' +
        'Content-Length: 37\r\n' +
        'Accept-Encoding: gzip, compress, deflate, br\r\n' +
        'Host: localhost:40000\r\n' +
        'Connection: close\r\n' +
        '\r\n',
      _keepAliveTimeout: 0,
      _onPendingData: [Function: nop],
      agent: Agent {
        _events: [Object: null prototype] {
          free: [Function (anonymous)],
          newListener: [Function: maybeEnableKeylog]
        },
        _eventsCount: 2,
        _maxListeners: undefined,
        defaultPort: 80,
        protocol: 'http:',
        options: [Object: null prototype] { path: null },
        requests: [Object: null prototype] {},
        sockets: [Object: null prototype] { 'localhost:40000:': [ [Socket] ] },
        freeSockets: [Object: null prototype] {},
        keepAliveMsecs: 1000,
        keepAlive: false,
        maxSockets: Infinity,
        maxFreeSockets: 256,
        scheduling: 'lifo',
        maxTotalSockets: Infinity,
        totalSocketCount: 1,
        [Symbol(kCapture)]: false
      },
      socketPath: undefined,
      method: 'POST',
      maxHeaderSize: undefined,
      insecureHTTPParser: undefined,
      path: '/Login',
      _ended: true,
      res: IncomingMessage {
        _readableState: ReadableState {
          objectMode: false,
          highWaterMark: 16384,
          buffer: BufferList { head: null, tail: null, length: 0 },
          length: 0,
          pipes: [],
          flowing: true,
          ended: true,
          endEmitted: true,
          reading: false,
          constructed: true,
          sync: true,
          needReadable: false,
          emittedReadable: false,
          readableListening: false,
          resumeScheduled: false,
          errorEmitted: false,
          emitClose: true,
          autoDestroy: true,
          destroyed: true,
          errored: null,
          closed: true,
          closeEmitted: true,
          defaultEncoding: 'utf8',
          awaitDrainWriters: null,
          multiAwaitDrain: false,
          readingMore: true,
          dataEmitted: true,
          decoder: null,
          encoding: null,
          [Symbol(kPaused)]: false
        },
        _events: [Object: null prototype] {
          end: [ [Function: responseOnEnd], [Function: handleStreamEnd] ],
          error: [Function: handleStreamError],
          data: [Function: handleStreamData],
          aborted: [Function: handlerStreamAborted]
        },
        _eventsCount: 4,
        _maxListeners: undefined,
        socket: <ref *2> Socket {
          connecting: false,
          _hadError: false,
          _parent: null,
          _host: 'localhost',
          _closeAfterHandlingError: false,
          _readableState: ReadableState {
            objectMode: false,
            highWaterMark: 16384,
            buffer: [BufferList],
            length: 0,
            pipes: [],
            flowing: true,
            ended: false,
            endEmitted: false,
            reading: true,
            constructed: true,
            sync: false,
            needReadable: true,
            emittedReadable: false,
            readableListening: false,
            resumeScheduled: false,
            errorEmitted: false,
            emitClose: false,
            autoDestroy: true,
            destroyed: false,
            errored: null,
            closed: false,
            closeEmitted: false,
            defaultEncoding: 'utf8',
            awaitDrainWriters: null,
            multiAwaitDrain: false,
            readingMore: false,
            dataEmitted: true,
            decoder: null,
            encoding: null,
            [Symbol(kPaused)]: false
          },
          _events: [Object: null prototype] {
            end: [Function: onReadableStreamEnd],
            free: [Function: onFree],
            close: [Array],
            timeout: [Function: onTimeout],
            agentRemove: [Function: onRemove],
            error: [Function: socketErrorListener],
            finish: [Function]
          },
          _eventsCount: 7,
          _maxListeners: undefined,
          _writableState: WritableState {
            objectMode: false,
            highWaterMark: 16384,
            finalCalled: true,
            needDrain: false,
            ending: true,
            ended: true,
            finished: false,
            destroyed: false,
            decodeStrings: false,
            defaultEncoding: 'utf8',
            length: 0,
            writing: false,
            corked: 0,
            sync: false,
            bufferProcessing: false,
            onwrite: [Function: bound onwrite],
            writecb: null,
            writelen: 0,
            afterWriteTickInfo: null,
            buffered: [],
            bufferedIndex: 0,
            allBuffers: true,
            allNoop: true,
            pendingcb: 1,
            constructed: true,
            prefinished: false,
            errorEmitted: false,
            emitClose: false,
            autoDestroy: true,
            errored: null,
            closed: false,
            closeEmitted: false,
            [Symbol(kOnFinished)]: []
          },
          allowHalfOpen: false,
          _sockname: null,
          _pendingData: null,
          _pendingEncoding: '',
          server: null,
          _server: null,
          parser: null,
          _httpMessage: [Circular *1],
          [Symbol(async_id_symbol)]: 187,
          [Symbol(kHandle)]: TCP {
            reading: true,
            onconnection: null,
            [Symbol(owner_symbol)]: [Circular *2]
          },
          [Symbol(lastWriteQueueSize)]: 0,
          [Symbol(timeout)]: null,
          [Symbol(kBuffer)]: null,
          [Symbol(kBufferCb)]: null,
          [Symbol(kBufferGen)]: null,
          [Symbol(kCapture)]: false,
          [Symbol(kSetNoDelay)]: false,
          [Symbol(kSetKeepAlive)]: true,
          [Symbol(kSetKeepAliveInitialDelay)]: 60,
          [Symbol(kBytesRead)]: 0,
          [Symbol(kBytesWritten)]: 0,
          [Symbol(RequestTimeout)]: undefined
        },
        httpVersionMajor: 1,
        httpVersionMinor: 1,
        httpVersion: '1.1',
        complete: true,
        rawHeaders: [
          'X-Powered-By',
          'Express',
          'Content-Type',
          'application/json; charset=utf-8',
          'Content-Length',
          '41',
          'ETag',
          'W/"29-KrBNM9moXy9dRmkyOcmYaHUvI2Q"',
          'Date',
          'Mon, 17 Jul 2023 19:00:49 GMT',
          'Connection',
          'close'
        ],
        rawTrailers: [],
        aborted: false,
        upgrade: false,
        url: '',
        method: null,
        statusCode: 500,
        statusMessage: 'Internal Server Error',
        client: <ref *2> Socket {
          connecting: false,
          _hadError: false,
          _parent: null,
          _host: 'localhost',
          _closeAfterHandlingError: false,
          _readableState: ReadableState {
            objectMode: false,
            highWaterMark: 16384,
            buffer: [BufferList],
            length: 0,
            pipes: [],
            flowing: true,
            ended: false,
            endEmitted: false,
            reading: true,
            constructed: true,
            sync: false,
            needReadable: true,
            emittedReadable: false,
            readableListening: false,
            resumeScheduled: false,
            errorEmitted: false,
            emitClose: false,
            autoDestroy: true,
            destroyed: false,
            errored: null,
            closed: false,
            closeEmitted: false,
            defaultEncoding: 'utf8',
            awaitDrainWriters: null,
            multiAwaitDrain: false,
            readingMore: false,
            dataEmitted: true,
            decoder: null,
            encoding: null,
            [Symbol(kPaused)]: false
          },
          _events: [Object: null prototype] {
            end: [Function: onReadableStreamEnd],
            free: [Function: onFree],
            close: [Array],
            timeout: [Function: onTimeout],
            agentRemove: [Function: onRemove],
            error: [Function: socketErrorListener],
            finish: [Function]
          },
          _eventsCount: 7,
          _maxListeners: undefined,
          _writableState: WritableState {
            objectMode: false,
            highWaterMark: 16384,
            finalCalled: true,
            needDrain: false,
            ending: true,
            ended: true,
            finished: false,
            destroyed: false,
            decodeStrings: false,
            defaultEncoding: 'utf8',
            length: 0,
            writing: false,
            corked: 0,
            sync: false,
            bufferProcessing: false,
            onwrite: [Function: bound onwrite],
            writecb: null,
            writelen: 0,
            afterWriteTickInfo: null,
            buffered: [],
            bufferedIndex: 0,
            allBuffers: true,
            allNoop: true,
            pendingcb: 1,
            constructed: true,
            prefinished: false,
            errorEmitted: false,
            emitClose: false,
            autoDestroy: true,
            errored: null,
            closed: false,
            closeEmitted: false,
            [Symbol(kOnFinished)]: []
          },
          allowHalfOpen: false,
          _sockname: null,
          _pendingData: null,
          _pendingEncoding: '',
          server: null,
          _server: null,
          parser: null,
          _httpMessage: [Circular *1],
          [Symbol(async_id_symbol)]: 187,
          [Symbol(kHandle)]: TCP {
            reading: true,
            onconnection: null,
            [Symbol(owner_symbol)]: [Circular *2]
          },
          [Symbol(lastWriteQueueSize)]: 0,
          [Symbol(timeout)]: null,
          [Symbol(kBuffer)]: null,
          [Symbol(kBufferCb)]: null,
          [Symbol(kBufferGen)]: null,
          [Symbol(kCapture)]: false,
          [Symbol(kSetNoDelay)]: false,
          [Symbol(kSetKeepAlive)]: true,
          [Symbol(kSetKeepAliveInitialDelay)]: 60,
          [Symbol(kBytesRead)]: 0,
          [Symbol(kBytesWritten)]: 0,
          [Symbol(RequestTimeout)]: undefined
        },
        _consuming: false,
        _dumped: false,
        req: [Circular *1],
        responseUrl: 'http://localhost:40000/Login',
        redirects: [],
        [Symbol(kCapture)]: false,
        [Symbol(kHeaders)]: {
          'x-powered-by': 'Express',
          'content-type': 'application/json; charset=utf-8',
          'content-length': '41',
          etag: 'W/"29-KrBNM9moXy9dRmkyOcmYaHUvI2Q"',
          date: 'Mon, 17 Jul 2023 19:00:49 GMT',
          connection: 'close'
        },
        [Symbol(kHeadersCount)]: 12,
        [Symbol(kTrailers)]: null,
        [Symbol(kTrailersCount)]: 0,
        [Symbol(RequestTimeout)]: undefined
      },
      aborted: false,
      timeoutCb: null,
      upgradeOrConnect: false,
      parser: null,
      maxHeadersCount: null,
      reusedSocket: false,
      host: 'localhost',
      protocol: 'http:',
      _redirectable: Writable {
        _writableState: WritableState {
          objectMode: false,
          highWaterMark: 16384,
          finalCalled: false,
          needDrain: false,
          ending: false,
          ended: false,
          finished: false,
          destroyed: false,
          decodeStrings: true,
          defaultEncoding: 'utf8',
          length: 0,
          writing: false,
          corked: 0,
          sync: true,
          bufferProcessing: false,
          onwrite: [Function: bound onwrite],
          writecb: null,
          writelen: 0,
          afterWriteTickInfo: null,
          buffered: [],
          bufferedIndex: 0,
          allBuffers: true,
          allNoop: true,
          pendingcb: 0,
          constructed: true,
          prefinished: false,
          errorEmitted: false,
          emitClose: true,
          autoDestroy: true,
          errored: null,
          closed: false,
          closeEmitted: false,
          [Symbol(kOnFinished)]: []
        },
        _events: [Object: null prototype] {
          response: [Function: handleResponse],
          error: [Function: handleRequestError],
          socket: [Function: handleRequestSocket]
        },
        _eventsCount: 3,
        _maxListeners: undefined,
        _options: {
          maxRedirects: 21,
          maxBodyLength: Infinity,
          protocol: 'http:',
          path: '/Login',
          method: 'POST',
          headers: [Object: null prototype] {
            Accept: 'application/json, text/plain, */*',
            'Content-Type': 'application/json',
            'User-Agent': 'axios/1.4.0',
            'Content-Length': '37',
            'Accept-Encoding': 'gzip, compress, deflate, br'
          },
          agents: { http: undefined, https: undefined },
          auth: undefined,
          family: undefined,
          lookup: undefined,
          beforeRedirect: [Function: dispatchBeforeRedirect],
          beforeRedirects: { proxy: [Function: beforeRedirect] },
          hostname: 'localhost',
          port: '40000',
          agent: undefined,
          nativeProtocols: { 'http:': [Object], 'https:': [Object] },
          pathname: '/Login'
        },
        _ended: true,
        _ending: true,
        _redirectCount: 0,
        _redirects: [],
        _requestBodyLength: 37,
        _requestBodyBuffers: [],
        _onNativeResponse: [Function (anonymous)],
        _currentRequest: [Circular *1],
        _currentUrl: 'http://localhost:40000/Login',
        [Symbol(kCapture)]: false
      },
      [Symbol(kCapture)]: false,
      [Symbol(kBytesWritten)]: 0,
      [Symbol(kEndCalled)]: true,
      [Symbol(kNeedDrain)]: false,
      [Symbol(corked)]: 0,
      [Symbol(kOutHeaders)]: [Object: null prototype] {
        accept: [ 'Accept', 'application/json, text/plain, */*' ],
        'content-type': [ 'Content-Type', 'application/json' ],
        'user-agent': [ 'User-Agent', 'axios/1.4.0' ],
        'content-length': [ 'Content-Length', '37' ],
        'accept-encoding': [ 'Accept-Encoding', 'gzip, compress, deflate, br' ],
        host: [ 'Host', 'localhost:40000' ]
      },
      [Symbol(kUniqueHeaders)]: null
    },
    data: { message: 'Usuário não identificado!' }
  }
}
